<?xml version="1.0" encoding="UTF-8"?>
<testsuite xmlns:xsi="http://www.w3.org/2001/XMLSchema-instance" xsi:noNamespaceSchemaLocation="https://maven.apache.org/surefire/maven-surefire-plugin/xsd/surefire-test-report-3.0.xsd" version="3.0" name="lv.delfi.firstProj.AppTest" time="57.964" tests="5" errors="0" skipped="0" failures="2">
  <properties>
[...]
</properties>
  <testcase name="B on null(lv.delfi.firstProj.AppTest)" classname="lv.delfi.firstProj.AppTest" time="19.012"/>
  <testcase name="C on null(lv.delfi.firstProj.AppTest)" classname="lv.delfi.firstProj.AppTest" time="2.183"/>
  <testcase name="D on null(lv.delfi.firstProj.AppTest)" classname="lv.delfi.firstProj.AppTest" time="0.145"/>
  <testcase name="E on null(lv.delfi.firstProj.AppTest)" classname="lv.delfi.firstProj.AppTest" time="7.178">
    <failure message="Reached error page: about:neterror?e=redirectLoop&amp;u=https%3A//www.delfi.lv/tasty/receptes/sastavdalas/kanelis/kan%25C4%2593lis&amp;c=UTF-8&amp;f=regular&amp;d=Firefox%20has%20detected%20that%20the%20server%20is%20redirecting%20the%20request%20for%20this%20address%20in%20a%20way%20that%20will%20never%20complete.&#10;Build info: version: &apos;3.141.59&apos;, revision: &apos;e82be7d358&apos;, time: &apos;2018-11-14T08:17:03&apos;&#10;System info: host: &apos;D88823&apos;, ip: &apos;10.0.75.1&apos;, os.name: &apos;Windows 10&apos;, os.arch: &apos;amd64&apos;, os.version: &apos;10.0&apos;, java.version: &apos;1.8.0_211&apos;&#10;Driver info: org.openqa.selenium.firefox.FirefoxDriver&#10;Capabilities {acceptInsecureCerts: true, browserName: firefox, browserVersion: 67.0, javascriptEnabled: true, moz:accessibilityChecks: false, moz:buildID: 20190516215225, moz:geckodriverVersion: 0.24.0, moz:headless: false, moz:processID: 11892, moz:profile: C:\Users\apusko.la\AppData\..., moz:shutdownTimeout: 60000, moz:useNonSpecCompliantPointerOrigin: false, moz:webdriverClick: true, pageLoadStrategy: normal, platform: WINDOWS, platformName: WINDOWS, platformVersion: 10.0, rotatable: false, setWindowRect: true, strictFileInteractability: false, timeouts: {implicit: 0, pageLoad: 300000, script: 30000}, unhandledPromptBehavior: dismiss and notify}&#10;Session ID: a16cf291-856b-4e57-95a5-12b957c23096" type="org.openqa.selenium.WebDriverException"><![CDATA[org.openqa.selenium.WebDriverException: 
Reached error page: about:neterror?e=redirectLoop&u=https%3A//www.delfi.lv/tasty/receptes/sastavdalas/kanelis/kan%25C4%2593lis&c=UTF-8&f=regular&d=Firefox%20has%20detected%20that%20the%20server%20is%20redirecting%20the%20request%20for%20this%20address%20in%20a%20way%20that%20will%20never%20complete.
Build info: version: '3.141.59', revision: 'e82be7d358', time: '2018-11-14T08:17:03'
System info: host: 'D88823', ip: '10.0.75.1', os.name: 'Windows 10', os.arch: 'amd64', os.version: '10.0', java.version: '1.8.0_211'
Driver info: org.openqa.selenium.firefox.FirefoxDriver
Capabilities {acceptInsecureCerts: true, browserName: firefox, browserVersion: 67.0, javascriptEnabled: true, moz:accessibilityChecks: false, moz:buildID: 20190516215225, moz:geckodriverVersion: 0.24.0, moz:headless: false, moz:processID: 11892, moz:profile: C:\Users\apusko.la\AppData\..., moz:shutdownTimeout: 60000, moz:useNonSpecCompliantPointerOrigin: false, moz:webdriverClick: true, pageLoadStrategy: normal, platform: WINDOWS, platformName: WINDOWS, platformVersion: 10.0, rotatable: false, setWindowRect: true, strictFileInteractability: false, timeouts: {implicit: 0, pageLoad: 300000, script: 30000}, unhandledPromptBehavior: dismiss and notify}
Session ID: a16cf291-856b-4e57-95a5-12b957c23096
	at lv.delfi.firstProj.AppTest.E(AppTest.java:77)
]]></failure>
    <system-out><![CDATA[https://www.delfi.lv/tasty/receptes/sastavdalas/kondensetais-piens/ pass
https://www.delfi.lv/tasty/receptes/sastavdalas/kondensetais-piens/ pass
https://www.delfi.lv/tasty/receptes/sastavdalas/piens/ pass
]]></system-out>
  </testcase>
  <testcase name="F on null(lv.delfi.firstProj.AppTest)" classname="lv.delfi.firstProj.AppTest" time="27.4">
    <failure message="unknown error: Chrome failed to start: exited normally&#10;  (unknown error: unable to discover open pages)&#10;  (The process started from chrome location C:\Program Files (x86)\Google\Chrome\Application\chrome.exe is no longer running, so ChromeDriver is assuming that Chrome has crashed.)&#10;  (Driver info: chromedriver=74.0.3729.6 (255758eccf3d244491b8a1317aa76e1ce10d57e9-refs/branch-heads/3729@{#29}),platform=Windows NT 10.0.17763 x86_64) (WARNING: The server did not provide any stacktrace information)&#10;Command duration or timeout: 24.64 seconds&#10;Build info: version: &apos;3.141.59&apos;, revision: &apos;e82be7d358&apos;, time: &apos;2018-11-14T08:17:03&apos;&#10;System info: host: &apos;D88823&apos;, ip: &apos;10.0.75.1&apos;, os.name: &apos;Windows 10&apos;, os.arch: &apos;amd64&apos;, os.version: &apos;10.0&apos;, java.version: &apos;1.8.0_211&apos;&#10;Driver info: driver.version: ChromeDriver" type="org.openqa.selenium.WebDriverException">org.openqa.selenium.WebDriverException: 
unknown error: Chrome failed to start: exited normally
  (unknown error: unable to discover open pages)
  (The process started from chrome location C:\Program Files (x86)\Google\Chrome\Application\chrome.exe is no longer running, so ChromeDriver is assuming that Chrome has crashed.)
  (Driver info: chromedriver=74.0.3729.6 (255758eccf3d244491b8a1317aa76e1ce10d57e9-refs/branch-heads/3729@{#29}),platform=Windows NT 10.0.17763 x86_64) (WARNING: The server did not provide any stacktrace information)
Command duration or timeout: 24.64 seconds
Build info: version: '3.141.59', revision: 'e82be7d358', time: '2018-11-14T08:17:03'
System info: host: 'D88823', ip: '10.0.75.1', os.name: 'Windows 10', os.arch: 'amd64', os.version: '10.0', java.version: '1.8.0_211'
Driver info: driver.version: ChromeDriver
	at lv.delfi.firstProj.AppTest.driverChoose(AppTest.java:31)
	at lv.delfi.firstProj.AppTest.B(AppTest.java:38)
	at lv.delfi.firstProj.AppTest.F(AppTest.java:91)
</failure>
    <system-err><![CDATA[1559655686568	Marionette	INFO	Stopped listening on port 55352
[Parent 11892, Gecko_IOThread] WARNING: file z:/task_1558035249/build/src/ipc/chromium/src/base/process_util_win.cc, line 160
[Child 10440, Chrome_ChildThread] WARNING: pipe error: 109: file z:/task_1558035249/build/src/ipc/chromium/src/chrome/common/ipc_channel_win.cc, line 341
[Parent 11892, Gecko_IOThread] WARNING: pipe error: 109: file z:/task_1558035249/build/src/ipc/chromium/src/chrome/common/ipc_channel_win.cc, line 341
Starting ChromeDriver 74.0.3729.6 (255758eccf3d244491b8a1317aa76e1ce10d57e9-refs/branch-heads/3729@{#29}) on port 27423
Only local connections are allowed.
Please protect ports used by ChromeDriver and related test frameworks to prevent access by malicious code.
]]></system-err>
  </testcase>
</testsuite>